<?xml version="1.0" encoding="UTF-8"?>
<!-- Generated by org.testng.reporters.JUnitReportReporter -->
<testsuite hostname="LAPTOP-U2LDDGU0" failures="0" tests="2" name="Academy.E2EProject.HomePage" time="93.253" errors="0" timestamp="2022-08-02T17:35:15 IST" skipped="0">
  <testcase classname="Academy.E2EProject.HomePage" name="basePageNavigation" time="62.549"/>
  <system-out/>
  <testcase classname="Academy.E2EProject.HomePage" name="basePageNavigation" time="30.704"/>
  <system-out/>
</testsuite> <!-- Academy.E2EProject.HomePage -->
