<?xml version="1.0" encoding="UTF-8"?>
<!-- Generated by org.testng.reporters.JUnitReportReporter -->
<testsuite hostname="LAPTOP-U2LDDGU0" failures="0" tests="1" name="Academy.E2EProject.AppTest" time="0.013" errors="0" timestamp="2022-07-31T14:39:54 IST" skipped="0">
  <testcase classname="Academy.E2EProject.AppTest" name="shouldAnswerWithTrue" time="0.013"/>
  <system-out/>
</testsuite> <!-- Academy.E2EProject.AppTest -->
